<?xml version="1.0" encoding="UTF-8"?>
<beans xmlns="http://www.springframework.org/schema/beans"
	xmlns:xsi="http://www.w3.org/2001/XMLSchema-instance" xmlns:context="http://www.springframework.org/schema/context"
	xmlns:mvc="http://www.springframework.org/schema/mvc" xmlns:task="http://www.springframework.org/schema/task"
	xmlns:security="http://www.springframework.org/schema/security"
	xmlns:tx="http://www.springframework.org/schema/tx"
	xsi:schemaLocation="http://www.springframework.org/schema/mvc http://www.springframework.org/schema/mvc/spring-mvc-4.2.xsd
	http://www.springframework.org/schema/tx http://www.springframework.org/schema/tx/spring-tx-2.0.xsd 
  http://www.springframework.org/schema/beans http://www.springframework.org/schema/beans/spring-beans-4.2.xsd
  http://www.springframework.org/schema/context http://www.springframework.org/schema/context/spring-context-4.2.xsd
  http://www.springframework.org/schema/security http://www.springframework.org/schema/security/spring-security-4.0.xsd
  http://www.springframework.org/schema/task http://www.springframework.org/schema/task/spring-task-4.2.xsd">

	<bean id="propertyConfigurer"
		class="org.springframework.beans.factory.config.PropertyPlaceholderConfigurer">
		<property name="location">
         <value>/WEB-INF/jdbc.properties</value>
     </property>
	</bean>
	
	<bean id="userService" class="org.mockito.Mockito" factory-method="mock"> 
    <constructor-arg value="business.service.impl.UserServiceImplementation" /> 
</bean>

	<bean id="dataSource" class="org.apache.commons.dbcp.BasicDataSource"
		destroy-method="close">
		<property name="driverClassName" value="${jdbc.driverClassName}" />
		<property name="url" value="${jdbc.url}" />
		<property name="username" value="${jdbc.username}" />
		<property name="password" value="${jdbc.password}" />
	</bean>

	<bean id="sessionFactory"
		class="org.springframework.orm.hibernate4.LocalSessionFactoryBean">
		<property name="dataSource" ref="dataSource" />
		<property name="configLocation" value="/WEB-INF/hibernate.cfg.xml" />
<!-- 		<property name="configurationClass" value="org.hibernate.cfg.AnnotationConfiguration" />
 -->		<property name="hibernateProperties">
			<props>
				<prop key="hibernate.dialect">${hibernate.dialect}</prop>
			</props>
		</property>
	</bean>

	<tx:annotation-driven transaction-manager="txManager" />

	<bean id="txManager"
		class="org.springframework.orm.hibernate4.HibernateTransactionManager">
		<property name="sessionFactory" ref="sessionFactory" />
	</bean>

		<bean class="org.springframework.web.servlet.i18n.LocaleChangeInterceptor">
			<property name="paramName" value="lang" />
		</bean>
		<context:component-scan base-package="business" />

	<mvc:annotation-driven />
	<context:annotation-config />
	
	<!-- security -->
	<security:global-method-security pre-post-annotations="enabled" />
	<security:authentication-manager>
		<security:authentication-provider ref="authenticationProvider" />
	</security:authentication-manager>
	<mvc:interceptors>
		<bean class="org.springframework.web.servlet.i18n.LocaleChangeInterceptor">
			<property name="paramName" value="lang" />
		</bean>
		<bean class="business.security.TokenInterceptor" />
	</mvc:interceptors>
	<bean id="localeResolver"
		class="org.springframework.web.servlet.i18n.CookieLocaleResolver">
		<property name="defaultLocale" value="en" />
	</bean>
		<bean id="authenticationProvider" class="business.security.TokenAuthenticationProvider" />
	<mvc:annotation-driven>
		<mvc:message-converters register-defaults="true">
			<bean class="org.springframework.http.converter.json.MappingJackson2HttpMessageConverter">
				<property name="objectMapper">
					<bean class="org.springframework.http.converter.json.Jackson2ObjectMapperFactoryBean">
						<property name="defaultViewInclusion" value="true" />
						<property name="serializationInclusion">
							<value type="com.fasterxml.jackson.annotation.JsonInclude.Include">NON_EMPTY</value>
						</property>
						<property name="featuresToDisable">
								<value type="com.fasterxml.jackson.databind.DeserializationFeature">FAIL_ON_UNKNOWN_PROPERTIES</value>	
						</property> 
					</bean>
				</property>
			</bean>
		</mvc:message-converters>
		<mvc:argument-resolvers>
			<bean class="org.springframework.security.web.method.annotation.AuthenticationPrincipalArgumentResolver" />
		</mvc:argument-resolvers>
	</mvc:annotation-driven>
	<bean id="cryptoService" class="business.service.impl.CryptoService"
		init-method="init">
		<property name="encryptionKey" value="kweLK8ksm293mslVy3n2JlqN1#" />
	</bean>
	<mvc:resources mapping="/**" location="/" />
		<bean id="documentationController" class="org.jsondoc.springmvc.controller.JSONDocController">
		<constructor-arg name="version" value="1.0" />
		<constructor-arg name="basePath" value="http://localhost:8080" />
		<constructor-arg name="packages">
			<list>
				<value>business</value>
			</list>
		</constructor-arg>
		<property name="playgroundEnabled" value="true" /> 
		<property name="displayMethodAs" value="URI" /> 
	</bean>
	
	   <!-- email configuration -->
	<bean id="emailConfirmation" class="business.email.NotificationsService">
		<property name="velocityEngine" ref="velocityEngineForEmail" />
		<property name="mailSender" ref="mailSender" />
		<property name="fromEmail" value="svetlanapankova64@gmail.com" />
		<property name="fromName" value="Support" />
	</bean>

	<bean id="messageSource"
		class="org.springframework.context.support.ReloadableResourceBundleMessageSource">
		<property name="basename" value="/WEB-INF/labels/messages" />
		<property name="cacheSeconds" value="0" />
		<property name="defaultEncoding" value="UTF-8" />
	</bean>
	  <bean id="mailSender" class="business.email.MockEmailSender" /> 
	 <!-- <bean id="mailSender" class="org.springframework.mail.javamail.JavaMailSenderImpl">
		<property name="host" value="smtp.gmail.com" />
		<property name="port" value="25" />
		<property name="protocol" value="smtp" />
		<property name="username" value="svetlanapankova64@gmail.com" />
		<property name="password" value="36912151821Qwer" />
		<property name="javaMailProperties">
			<props>
				<prop key="mail.smtp.auth">true</prop>
				<prop key="mail.smtp.starttls.enable">true</prop>
				<prop key="mail.smtp.quitwait">false</prop>
			</props>
		</property>
	</bean>  -->


	<bean id="velocityEngineForEmail"
		class="org.springframework.ui.velocity.VelocityEngineFactoryBean">
		<property name="velocityProperties">
			<props>
				<prop key="resource.loader">file</prop>
				<prop key="file.resource.loader.class">org.apache.velocity.runtime.resource.loader.FileResourceLoader
				</prop>
				<prop key="file.resource.loader.path">C:/Users/Maximba/workspace/business-api/src/main/opt/email</prop>
				<prop key="file.resource.loader.cache">true</prop>
				<prop key="file.resource.loader.modificationCheckInterval">5</prop>
			</props>
		</property>
	</bean>
</beans>